<?xml version="1.0" encoding="UTF-8"?>
<!-- Generated by org.testng.reporters.JUnitXMLReporter -->
<testsuite ignored="1" hostname="DESKTOP-L0LQ9J6" failures="0" tests="1" name="KeyPressesTests-CH" time="13.007" errors="0" timestamp="12 Aug 2021 06:48:05 GMT">
  <testcase classname="com.herokuapp.theinternet.keypressestests.KeyPressesTests" name="pressKeyWithActionsTest" time="7.017"/>
  <testcase classname="com.herokuapp.theinternet.keypressestests.KeyPressesTests" name="pressKeyTest" time="0.0">
    <ignored/>
  </testcase> <!-- pressKeyTest -->
</testsuite> <!-- KeyPressesTests-CH -->
