<?xml version="1.0" encoding="UTF-8"?>
<testng-results ignored="0" total="1" passed="1" failed="0" skipped="0">
  <reporter-output>
  </reporter-output>
  <suite started-at="2021-08-13T15:08:58Z" name="EditorTestSuite" finished-at="2021-08-13T15:09:12Z" duration-ms="13805">
    <groups>
    </groups>
    <test started-at="2021-08-13T15:08:58Z" name="EditorTests" finished-at="2021-08-13T15:09:12Z" duration-ms="13805">
      <class name="com.herokuapp.theinternet.editortests.EditorTests">
        <test-method is-config="true" signature="setUp(java.lang.String, org.testng.ITestContext)[pri:0, instance:com.herokuapp.theinternet.editortests.EditorTests@6c40365c]" started-at="2021-08-13T15:08:58Z" name="setUp" finished-at="2021-08-13T15:09:04Z" duration-ms="5604" status="PASS">
          <params>
            <param index="0">
              <value>
                <![CDATA[chrome]]>
              </value>
            </param>
            <param index="1">
              <value>
                <![CDATA[org.testng.TestRunner@2e3cdec2]]>
              </value>
            </param>
          </params>
          <reporter-output>
          </reporter-output>
        </test-method> <!-- setUp -->
        <test-method signature="defaultEditorValueTest()[pri:0, instance:com.herokuapp.theinternet.editortests.EditorTests@6c40365c]" started-at="2021-08-13T15:09:04Z" name="defaultEditorValueTest" finished-at="2021-08-13T15:09:12Z" duration-ms="7516" status="PASS">
          <reporter-output>
          </reporter-output>
        </test-method> <!-- defaultEditorValueTest -->
        <test-method is-config="true" signature="tearDown()[pri:0, instance:com.herokuapp.theinternet.editortests.EditorTests@6c40365c]" started-at="2021-08-13T15:09:12Z" name="tearDown" finished-at="2021-08-13T15:09:12Z" duration-ms="661" status="PASS">
          <reporter-output>
          </reporter-output>
        </test-method> <!-- tearDown -->
      </class> <!-- com.herokuapp.theinternet.editortests.EditorTests -->
    </test> <!-- EditorTests -->
  </suite> <!-- EditorTestSuite -->
</testng-results>
